Start testing: Mar 14 13:02 GMT
----------------------------------------------------------
Unable to find executable: Test
1/1 Testing: MyTest
1/1 Test: MyTest
Command: ""
Directory: /home/user/repos/RTEP5-the-raspberry-jam
"MyTest" start time: 
Output:
----------------------------------------------------------
<end of output>
Test time =   0.00 sec
----------------------------------------------------------
Test Passed.
"MyTest" end time: Mar 14 13:02 GMT
"MyTest" time elapsed: 00:00:00
----------------------------------------------------------

End testing: Mar 14 13:02 GMT
